######################################
#  
#  Cuda Job Scheduler on top of SLURM 
#  - Sa Li
######################################

Many changes have been made to cuda code to cater to slurm allocation. The parameter set has been 
revised to input to application from commandline. MonteCarlo model generates random parameter values
for parameters, parameters are sent to slurm scripts.

Slurm script automatically detects available cuda nodes and parse out the availabe GPUs, script manages
to send the jobs to corresponding GPU devices along with various parameter set. 



-------------------------------------
2/14/2013
current version: v0.2.1  ( v0.1.1 is single machine version) 

version 0.2 is for cluster, v0.2.1 is being revised to write result as well as matrices periodically. 


-------------------------------------
2/22/2013
current version: v0.3.1 

version 0.3 is for cluster with postgres connected, writing information into cudaDB.  


-------------------------------------
4/15/2013
updated version: v0.4.1
This version to extract the weight string directly from DB. 


-------------------------------------
6/1/2013
updated version: v0.5.1

Start to memory optimization



-------------------------------------
6/4/2013
updated version: v0.5.2

Hash all training data set into memory




-------------------------------------
6/10/2013
updated version: v0.5.3

Apply CUBLAS libraries for matrix 
multiplication



-------------------------------------
6/15/2013
updated version: v0.5.4

Apply openMP to parallel in N cpu 
threads

    N = omp_get_num_threads()

Must allow more CPU threads than GPU devices,
since only one single device need to used for
each training model, I dont want to spread CPU
threads to multiple GPU devices.
